d:\code\figureout\textrument\plugins\markdowntext\debug\vc142.pdb
d:\code\figureout\textrument\plugins\markdowntext\debug\vc142.idb
d:\code\figureout\textrument\plugins\markdowntext\debug\imagelistset.obj
d:\code\figureout\textrument\plugins\markdowntext\debug\insitudebug.obj
d:\code\figureout\textrument\plugins\markdowntext\debug\staticdialog.obj
d:\code\figureout\textrument\plugins\markdowntext\debug\toolbarplus.obj
d:\code\figureout\textrument\plugins\markdowntext\debug\common_patch.obj
d:\code\figureout\textrument\plugins\markdowntext\debug\profilestd.obj
d:\code\figureout\textrument\plugins\markdowntext\debug\toolbarpanel.obj
d:\code\figureout\textrument\plugins\markdowntext\debug\duilibtranslator.obj
d:\code\figureout\textrument\plugins\markdowntext\debug\apresenter.obj
d:\code\figureout\textrument\plugins\markdowntext\debug\apresenterbwidget.obj
d:\code\figureout\textrument\plugins\markdowntext\debug\apresenterminiwke.obj
d:\code\figureout\textrument\plugins\markdowntext\debug\apresenterminiblink.obj
d:\code\figureout\textrument\plugins\markdowntext\debug\apresenterwebview2.obj
d:\code\figureout\textrument\plugins\markdowntext\debug\checkfailure.obj
d:\code\figureout\textrument\plugins\markdowntext\debug\mdtextdlg.obj
d:\code\figureout\textrument\plugins\markdowntext\debug\optionsdlg.obj
d:\code\figureout\textrument\plugins\markdowntext\debug\markdowntext.obj
d:\code\figureout\textrument\plugins\markdowntext\debug\plugindefinition.obj
d:\code\figureout\textrument\plugins\markdowntext\debug\su.obj
d:\code\figureout\textrument\plugins\markdowntext\debug\darkmode.obj
d:\code\figureout\textrument\plugins\markdowntext\debug\nppdarkmode.obj
d:\code\figureout\textrument\plugins\markdowntext\debug\uibeautifulswitch.obj
d:\code\figureout\textrument\powereditor\bin\plugins\markdowntext\markdowntext.ilk
d:\code\figureout\textrument\powereditor\bin\plugins\markdowntext\markdowntext.dll
d:\code\figureout\textrument\plugins\win32\debug\markdowntext.pdb
d:\code\figureout\textrument\plugins\win32\debug\markdowntext.lib
d:\code\figureout\textrument\plugins\win32\debug\markdowntext.exp
d:\code\figureout\textrument\plugins\markdowntext\debug\mdtext.res
d:\code\figureout\textrument\plugins\markdowntext\debug\markdowntext.tlog\cl.command.1.tlog
d:\code\figureout\textrument\plugins\markdowntext\debug\markdowntext.tlog\cl.read.1.tlog
d:\code\figureout\textrument\plugins\markdowntext\debug\markdowntext.tlog\cl.write.1.tlog
d:\code\figureout\textrument\plugins\markdowntext\debug\markdowntext.tlog\link.command.1.tlog
d:\code\figureout\textrument\plugins\markdowntext\debug\markdowntext.tlog\link.read.1.tlog
d:\code\figureout\textrument\plugins\markdowntext\debug\markdowntext.tlog\link.write.1.tlog
d:\code\figureout\textrument\plugins\markdowntext\debug\markdowntext.tlog\markdowntext.write.1u.tlog
d:\code\figureout\textrument\plugins\markdowntext\debug\markdowntext.tlog\rc.command.1.tlog
d:\code\figureout\textrument\plugins\markdowntext\debug\markdowntext.tlog\rc.read.1.tlog
d:\code\figureout\textrument\plugins\markdowntext\debug\markdowntext.tlog\rc.write.1.tlog
